<?xml version="1.0" encoding="UTF-8"?>
<testng-results ignored="0" total="8" passed="8" failed="0" skipped="0">
  <reporter-output>
  </reporter-output>
  <suite started-at="2022-04-13T08:38:59 IST" name="Default suite" finished-at="2022-04-13T08:40:31 IST" duration-ms="92030">
    <groups>
    </groups>
    <test started-at="2022-04-13T08:38:59 IST" name="Default test" finished-at="2022-04-13T08:40:31 IST" duration-ms="92030">
      <class name="TestCases.LoginPageTestCases">
        <test-method is-config="true" signature="logincheck()[pri:0, instance:TestCases.LoginPageTestCases@3fb1549b]" started-at="2022-04-13T08:38:59 IST" name="logincheck" finished-at="2022-04-13T08:39:10 IST" duration-ms="10838" status="PASS">
          <reporter-output>
          </reporter-output>
        </test-method> <!-- logincheck -->
        <test-method signature="checkTitleLoginPage()[pri:1, instance:TestCases.LoginPageTestCases@3fb1549b]" started-at="2022-04-13T08:39:10 IST" name="checkTitleLoginPage" finished-at="2022-04-13T08:39:10 IST" duration-ms="33" status="PASS">
          <reporter-output>
          </reporter-output>
        </test-method> <!-- checkTitleLoginPage -->
        <test-method is-config="true" signature="logout()[pri:0, instance:TestCases.LoginPageTestCases@3fb1549b]" started-at="2022-04-13T08:39:10 IST" name="logout" finished-at="2022-04-13T08:39:10 IST" duration-ms="192" status="PASS">
          <reporter-output>
          </reporter-output>
        </test-method> <!-- logout -->
        <test-method is-config="true" signature="logincheck()[pri:0, instance:TestCases.LoginPageTestCases@3fb1549b]" started-at="2022-04-13T08:39:10 IST" name="logincheck" finished-at="2022-04-13T08:39:20 IST" duration-ms="9821" status="PASS">
          <reporter-output>
          </reporter-output>
        </test-method> <!-- logincheck -->
        <test-method signature="checklogo()[pri:2, instance:TestCases.LoginPageTestCases@3fb1549b]" started-at="2022-04-13T08:39:20 IST" name="checklogo" finished-at="2022-04-13T08:39:20 IST" duration-ms="125" status="PASS">
          <reporter-output>
          </reporter-output>
        </test-method> <!-- checklogo -->
        <test-method is-config="true" signature="logout()[pri:0, instance:TestCases.LoginPageTestCases@3fb1549b]" started-at="2022-04-13T08:39:20 IST" name="logout" finished-at="2022-04-13T08:39:20 IST" duration-ms="198" status="PASS">
          <reporter-output>
          </reporter-output>
        </test-method> <!-- logout -->
        <test-method is-config="true" signature="logincheck()[pri:0, instance:TestCases.LoginPageTestCases@3fb1549b]" started-at="2022-04-13T08:39:20 IST" name="logincheck" finished-at="2022-04-13T08:39:31 IST" duration-ms="10570" status="PASS">
          <reporter-output>
          </reporter-output>
        </test-method> <!-- logincheck -->
        <test-method signature="checkHeading()[pri:3, instance:TestCases.LoginPageTestCases@3fb1549b]" started-at="2022-04-13T08:39:31 IST" name="checkHeading" finished-at="2022-04-13T08:39:31 IST" duration-ms="71" status="PASS">
          <reporter-output>
          </reporter-output>
        </test-method> <!-- checkHeading -->
        <test-method is-config="true" signature="logout()[pri:0, instance:TestCases.LoginPageTestCases@3fb1549b]" started-at="2022-04-13T08:39:31 IST" name="logout" finished-at="2022-04-13T08:39:31 IST" duration-ms="160" status="PASS">
          <reporter-output>
          </reporter-output>
        </test-method> <!-- logout -->
        <test-method is-config="true" signature="logincheck()[pri:0, instance:TestCases.LoginPageTestCases@3fb1549b]" started-at="2022-04-13T08:39:31 IST" name="logincheck" finished-at="2022-04-13T08:39:43 IST" duration-ms="11846" status="PASS">
          <reporter-output>
          </reporter-output>
        </test-method> <!-- logincheck -->
        <test-method signature="checkLabel()[pri:4, instance:TestCases.LoginPageTestCases@3fb1549b]" started-at="2022-04-13T08:39:43 IST" name="checkLabel" finished-at="2022-04-13T08:39:43 IST" duration-ms="62" status="PASS">
          <reporter-output>
          </reporter-output>
        </test-method> <!-- checkLabel -->
        <test-method is-config="true" signature="logout()[pri:0, instance:TestCases.LoginPageTestCases@3fb1549b]" started-at="2022-04-13T08:39:43 IST" name="logout" finished-at="2022-04-13T08:39:43 IST" duration-ms="193" status="PASS">
          <reporter-output>
          </reporter-output>
        </test-method> <!-- logout -->
        <test-method is-config="true" signature="logincheck()[pri:0, instance:TestCases.LoginPageTestCases@3fb1549b]" started-at="2022-04-13T08:39:43 IST" name="logincheck" finished-at="2022-04-13T08:39:53 IST" duration-ms="9924" status="PASS">
          <reporter-output>
          </reporter-output>
        </test-method> <!-- logincheck -->
        <test-method signature="verifyErrorMessageUsernameBlank()[pri:5, instance:TestCases.LoginPageTestCases@3fb1549b]" started-at="2022-04-13T08:39:53 IST" name="verifyErrorMessageUsernameBlank" finished-at="2022-04-13T08:39:53 IST" duration-ms="265" status="PASS">
          <reporter-output>
          </reporter-output>
        </test-method> <!-- verifyErrorMessageUsernameBlank -->
        <test-method is-config="true" signature="logout()[pri:0, instance:TestCases.LoginPageTestCases@3fb1549b]" started-at="2022-04-13T08:39:53 IST" name="logout" finished-at="2022-04-13T08:39:53 IST" duration-ms="146" status="PASS">
          <reporter-output>
          </reporter-output>
        </test-method> <!-- logout -->
        <test-method is-config="true" signature="logincheck()[pri:0, instance:TestCases.LoginPageTestCases@3fb1549b]" started-at="2022-04-13T08:39:53 IST" name="logincheck" finished-at="2022-04-13T08:40:03 IST" duration-ms="10097" status="PASS">
          <reporter-output>
          </reporter-output>
        </test-method> <!-- logincheck -->
        <test-method signature="verifyErrorMessagePasswardBlank()[pri:6, instance:TestCases.LoginPageTestCases@3fb1549b]" started-at="2022-04-13T08:40:03 IST" name="verifyErrorMessagePasswardBlank" finished-at="2022-04-13T08:40:04 IST" duration-ms="181" status="PASS">
          <reporter-output>
          </reporter-output>
        </test-method> <!-- verifyErrorMessagePasswardBlank -->
        <test-method is-config="true" signature="logout()[pri:0, instance:TestCases.LoginPageTestCases@3fb1549b]" started-at="2022-04-13T08:40:04 IST" name="logout" finished-at="2022-04-13T08:40:04 IST" duration-ms="112" status="PASS">
          <reporter-output>
          </reporter-output>
        </test-method> <!-- logout -->
        <test-method is-config="true" signature="logincheck()[pri:0, instance:TestCases.LoginPageTestCases@3fb1549b]" started-at="2022-04-13T08:40:04 IST" name="logincheck" finished-at="2022-04-13T08:40:13 IST" duration-ms="9710" status="PASS">
          <reporter-output>
          </reporter-output>
        </test-method> <!-- logincheck -->
        <test-method signature="registrationPage()[pri:7, instance:TestCases.LoginPageTestCases@3fb1549b]" started-at="2022-04-13T08:40:13 IST" name="registrationPage" finished-at="2022-04-13T08:40:19 IST" duration-ms="5309" status="PASS">
          <reporter-output>
          </reporter-output>
        </test-method> <!-- registrationPage -->
        <test-method is-config="true" signature="logout()[pri:0, instance:TestCases.LoginPageTestCases@3fb1549b]" started-at="2022-04-13T08:40:19 IST" name="logout" finished-at="2022-04-13T08:40:19 IST" duration-ms="79" status="PASS">
          <reporter-output>
          </reporter-output>
        </test-method> <!-- logout -->
        <test-method is-config="true" signature="logincheck()[pri:0, instance:TestCases.LoginPageTestCases@3fb1549b]" started-at="2022-04-13T08:40:19 IST" name="logincheck" finished-at="2022-04-13T08:40:29 IST" duration-ms="10113" status="PASS">
          <reporter-output>
          </reporter-output>
        </test-method> <!-- logincheck -->
        <test-method signature="login()[pri:8, instance:TestCases.LoginPageTestCases@3fb1549b]" started-at="2022-04-13T08:40:29 IST" name="login" finished-at="2022-04-13T08:40:31 IST" duration-ms="1800" status="PASS">
          <reporter-output>
          </reporter-output>
        </test-method> <!-- login -->
        <test-method is-config="true" signature="logout()[pri:0, instance:TestCases.LoginPageTestCases@3fb1549b]" started-at="2022-04-13T08:40:31 IST" name="logout" finished-at="2022-04-13T08:40:31 IST" duration-ms="100" status="PASS">
          <reporter-output>
          </reporter-output>
        </test-method> <!-- logout -->
        <test-method is-config="true" signature="AfterTest()[pri:0, instance:TestCases.LoginPageTestCases@3fb1549b]" started-at="2022-04-13T08:40:31 IST" name="AfterTest" finished-at="2022-04-13T08:40:31 IST" duration-ms="0" status="PASS">
          <reporter-output>
          </reporter-output>
        </test-method> <!-- AfterTest -->
      </class> <!-- TestCases.LoginPageTestCases -->
    </test> <!-- Default test -->
  </suite> <!-- Default suite -->
</testng-results>
