<?xml version="1.0" encoding="UTF-8"?>
<!-- Generated by org.testng.reporters.JUnitXMLReporter -->
<testsuite ignored="0" hostname="LAPTOP-FCNCOSH6" failures="0" tests="8" name="Default test" time="92.03" errors="0" timestamp="2022-04-13T08:40:31 IST">
  <testcase classname="TestCases.LoginPageTestCases" name="checkTitleLoginPage" time="0.033"/>
  <testcase classname="TestCases.LoginPageTestCases" name="checklogo" time="0.125"/>
  <testcase classname="TestCases.LoginPageTestCases" name="checkHeading" time="0.071"/>
  <testcase classname="TestCases.LoginPageTestCases" name="checkLabel" time="0.062"/>
  <testcase classname="TestCases.LoginPageTestCases" name="verifyErrorMessageUsernameBlank" time="0.265"/>
  <testcase classname="TestCases.LoginPageTestCases" name="verifyErrorMessagePasswardBlank" time="0.181"/>
  <testcase classname="TestCases.LoginPageTestCases" name="registrationPage" time="5.309"/>
  <testcase classname="TestCases.LoginPageTestCases" name="login" time="1.8"/>
</testsuite> <!-- Default test -->
