<?xml version="1.0" encoding="UTF-8"?>
<!-- Generated by org.testng.reporters.JUnitXMLReporter -->
<testsuite ignored="0" hostname="LAPTOP-FCNCOSH6" failures="1" tests="5" name="Test" time="0.074" errors="0" timestamp="2022-03-28T11:50:45 IST">
  <testcase classname="Listeners.DemoRetryListener" name="Test01" time="0.013"/>
  <testcase classname="Listeners.DemoRetryListener" name="Test02" time="0.002">
    <skipped/>
  </testcase> <!-- Test02 -->
  <testcase classname="Listeners.DemoRetryListener" name="Test02" time="0.002">
    <skipped/>
  </testcase> <!-- Test02 -->
  <testcase classname="Listeners.DemoRetryListener" name="Test02" time="0.001">
    <failure type="java.lang.AssertionError" message="expected [true] but found [false]">
      <![CDATA[java.lang.AssertionError: expected [true] but found [false]
at Listeners.DemoRetryListener.Test02(DemoRetryListener.java:14)
at java.base/java.util.ArrayList.forEach(ArrayList.java:1511)
... Removed 31 stack frames]]>
    </failure>
  </testcase> <!-- Test02 -->
  <testcase classname="Listeners.DemoRetryListener" name="Test03" time="0.001"/>
</testsuite> <!-- Test -->
